# JRE version: Java(TM) SE Runtime Environment (8.0_212-b10) (build 1.8.0_212-b10)
# Java VM: Java HotSpot(TM) 64-Bit Server VM (25.212-b10 mixed mode windows-amd64 compressed oops)
Heap:
 PSYoungGen      total 209408K, used 145551K [0x000000076ab00000, 0x0000000778a00000, 0x00000007c0000000)
  eden space 197632K, 72% used [0x000000076ab00000,0x00000007736f4350,0x0000000776c00000)
  from space 11776K, 19% used [0x0000000777700000,0x000000077792fc80,0x0000000778280000)
  to   space 11264K, 0% used [0x0000000776c00000,0x0000000776c00000,0x0000000777700000)
 ParOldGen       total 155648K, used 17564K [0x00000006c0000000, 0x00000006c9800000, 0x000000076ab00000)
  object space 155648K, 11% used [0x00000006c0000000,0x00000006c1127390,0x00000006c9800000)
 Metaspace       used 46338K, capacity 48972K, committed 49280K, reserved 1091584K
  class space    used 6033K, capacity 6445K, committed 6528K, reserved 1048576K
GC Heap History (10 events):
Event: 220.518 GC heap before
{Heap before GC invocations=20 (full 5):
 PSYoungGen      total 171520K, used 2527K [0x000000076ab00000, 0x0000000775f00000, 0x00000007c0000000)
  eden space 159744K, 0% used [0x000000076ab00000,0x000000076ab00000,0x0000000774700000)
  from space 11776K, 21% used [0x0000000774700000,0x0000000774977c80,0x0000000775280000)
  to   space 11776K, 0% used [0x0000000775380000,0x0000000775380000,0x0000000775f00000)
 ParOldGen       total 155648K, used 17297K [0x00000006c0000000, 0x00000006c9800000, 0x000000076ab00000)
  object space 155648K, 11% used [0x00000006c0000000,0x00000006c10e4640,0x00000006c9800000)
 Metaspace       used 45872K, capacity 48332K, committed 48512K, reserved 1091584K
  class space    used 6009K, capacity 6414K, committed 6528K, reserved 1048576K
Event: 220.746 GC heap after
Heap after GC invocations=20 (full 5):
 PSYoungGen      total 171520K, used 0K [0x000000076ab00000, 0x0000000775f00000, 0x00000007c0000000)
  eden space 159744K, 0% used [0x000000076ab00000,0x000000076ab00000,0x0000000774700000)
  from space 11776K, 0% used [0x0000000774700000,0x0000000774700000,0x0000000775280000)
  to   space 11776K, 0% used [0x0000000775380000,0x0000000775380000,0x0000000775f00000)
 ParOldGen       total 155648K, used 17374K [0x00000006c0000000, 0x00000006c9800000, 0x000000076ab00000)
  object space 155648K, 11% used [0x00000006c0000000,0x00000006c10f7ac8,0x00000006c9800000)
 Metaspace       used 45869K, capacity 48326K, committed 48512K, reserved 1091584K
  class space    used 6009K, capacity 6412K, committed 6528K, reserved 1048576K
}
Event: 221.291 GC heap before
{Heap before GC invocations=21 (full 5):
 PSYoungGen      total 171520K, used 159744K [0x000000076ab00000, 0x0000000775f00000, 0x00000007c0000000)
  eden space 159744K, 100% used [0x000000076ab00000,0x0000000774700000,0x0000000774700000)
  from space 11776K, 0% used [0x0000000774700000,0x0000000774700000,0x0000000775280000)
  to   space 11776K, 0% used [0x0000000775380000,0x0000000775380000,0x0000000775f00000)
 ParOldGen       total 155648K, used 17374K [0x00000006c0000000, 0x00000006c9800000, 0x000000076ab00000)
  object space 155648K, 11% used [0x00000006c0000000,0x00000006c10f7ac8,0x00000006c9800000)
 Metaspace       used 45915K, capacity 48436K, committed 48768K, reserved 1091584K
  class space    used 6015K, capacity 6421K, committed 6528K, reserved 1048576K
Event: 221.297 GC heap after
Heap after GC invocations=21 (full 5):
 PSYoungGen      total 172544K, used 2256K [0x000000076ab00000, 0x0000000778280000, 0x00000007c0000000)
  eden space 160768K, 0% used [0x000000076ab00000,0x000000076ab00000,0x0000000774800000)
  from space 11776K, 19% used [0x0000000775380000,0x00000007755b41e0,0x0000000775f00000)
  to   space 11776K, 0% used [0x0000000774800000,0x0000000774800000,0x0000000775380000)
 ParOldGen       total 155648K, used 17382K [0x00000006c0000000, 0x00000006c9800000, 0x000000076ab00000)
  object space 155648K, 11% used [0x00000006c0000000,0x00000006c10f9ac8,0x00000006c9800000)
 Metaspace       used 45915K, capacity 48436K, committed 48768K, reserved 1091584K
  class space    used 6015K, capacity 6421K, committed 6528K, reserved 1048576K
}
Event: 313.995 GC heap before
{Heap before GC invocations=22 (full 5):
 PSYoungGen      total 172544K, used 139445K [0x000000076ab00000, 0x0000000778280000, 0x00000007c0000000)
  eden space 160768K, 85% used [0x000000076ab00000,0x00000007730f9300,0x0000000774800000)
  from space 11776K, 19% used [0x0000000775380000,0x00000007755b41e0,0x0000000775f00000)
  to   space 11776K, 0% used [0x0000000774800000,0x0000000774800000,0x0000000775380000)
 ParOldGen       total 155648K, used 17382K [0x00000006c0000000, 0x00000006c9800000, 0x000000076ab00000)
  object space 155648K, 11% used [0x00000006c0000000,0x00000006c10f9ac8,0x00000006c9800000)
 Metaspace       used 46180K, capacity 48744K, committed 49024K, reserved 1091584K
  class space    used 6027K, capacity 6441K, committed 6528K, reserved 1048576K
Event: 314.000 GC heap after
Heap after GC invocations=22 (full 5):
 PSYoungGen      total 172544K, used 2591K [0x000000076ab00000, 0x0000000778280000, 0x00000007c0000000)
  eden space 160768K, 0% used [0x000000076ab00000,0x000000076ab00000,0x0000000774800000)
  from space 11776K, 22% used [0x0000000774800000,0x0000000774a87c80,0x0000000775380000)
  to   space 11776K, 0% used [0x0000000777700000,0x0000000777700000,0x0000000778280000)
 ParOldGen       total 155648K, used 17390K [0x00000006c0000000, 0x00000006c9800000, 0x000000076ab00000)
  object space 155648K, 11% used [0x00000006c0000000,0x00000006c10fbac8,0x00000006c9800000)
 Metaspace       used 46180K, capacity 48744K, committed 49024K, reserved 1091584K
  class space    used 6027K, capacity 6441K, committed 6528K, reserved 1048576K
}
Event: 314.000 GC heap before
{Heap before GC invocations=23 (full 6):
 PSYoungGen      total 172544K, used 2591K [0x000000076ab00000, 0x0000000778280000, 0x00000007c0000000)
  eden space 160768K, 0% used [0x000000076ab00000,0x000000076ab00000,0x0000000774800000)
  from space 11776K, 22% used [0x0000000774800000,0x0000000774a87c80,0x0000000775380000)
  to   space 11776K, 0% used [0x0000000777700000,0x0000000777700000,0x0000000778280000)
 ParOldGen       total 155648K, used 17390K [0x00000006c0000000, 0x00000006c9800000, 0x000000076ab00000)
  object space 155648K, 11% used [0x00000006c0000000,0x00000006c10fbac8,0x00000006c9800000)
 Metaspace       used 46180K, capacity 48744K, committed 49024K, reserved 1091584K
  class space    used 6027K, capacity 6441K, committed 6528K, reserved 1048576K
Event: 314.115 GC heap after
Heap after GC invocations=23 (full 6):
 PSYoungGen      total 172544K, used 0K [0x000000076ab00000, 0x0000000778280000, 0x00000007c0000000)
  eden space 160768K, 0% used [0x000000076ab00000,0x000000076ab00000,0x0000000774800000)
  from space 11776K, 0% used [0x0000000774800000,0x0000000774800000,0x0000000775380000)
  to   space 11776K, 0% used [0x0000000777700000,0x0000000777700000,0x0000000778280000)
 ParOldGen       total 155648K, used 17556K [0x00000006c0000000, 0x00000006c9800000, 0x000000076ab00000)
  object space 155648K, 11% used [0x00000006c0000000,0x00000006c1125390,0x00000006c9800000)
 Metaspace       used 46177K, capacity 48738K, committed 49024K, reserved 1091584K
  class space    used 6027K, capacity 6439K, committed 6528K, reserved 1048576K
}
Event: 314.666 GC heap before
{Heap before GC invocations=24 (full 6):
 PSYoungGen      total 172544K, used 160768K [0x000000076ab00000, 0x0000000778280000, 0x00000007c0000000)
  eden space 160768K, 100% used [0x000000076ab00000,0x0000000774800000,0x0000000774800000)
  from space 11776K, 0% used [0x0000000774800000,0x0000000774800000,0x0000000775380000)
  to   space 11776K, 0% used [0x0000000777700000,0x0000000777700000,0x0000000778280000)
 ParOldGen       total 155648K, used 17556K [0x00000006c0000000, 0x00000006c9800000, 0x000000076ab00000)
  object space 155648K, 11% used [0x00000006c0000000,0x00000006c1125390,0x00000006c9800000)
 Metaspace       used 46209K, capacity 48814K, committed 49024K, reserved 1091584K
  class space    used 6030K, capacity 6443K, committed 6528K, reserved 1048576K
Event: 314.680 GC heap after
Heap after GC invocations=24 (full 6):
 PSYoungGen      total 209408K, used 2239K [0x000000076ab00000, 0x0000000778a00000, 0x00000007c0000000)
  eden space 197632K, 0% used [0x000000076ab00000,0x000000076ab00000,0x0000000776c00000)
  from space 11776K, 19% used [0x0000000777700000,0x000000077792fc80,0x0000000778280000)
  to   space 11264K, 0% used [0x0000000776c00000,0x0000000776c00000,0x0000000777700000)
 ParOldGen       total 155648K, used 17564K [0x00000006c0000000, 0x00000006c9800000, 0x000000076ab00000)
  object space 155648K, 11% used [0x00000006c0000000,0x00000006c1127390,0x00000006c9800000)
 Metaspace       used 46209K, capacity 48814K, committed 49024K, reserved 1091584K
  class space    used 6030K, capacity 6443K, committed 6528K, reserved 1048576K
}

